project run
Mon Dec  2 20:29:36 2024       
+-----------------------------------------------------------------------------------------+
| NVIDIA-SMI 550.54.15              Driver Version: 550.54.15      CUDA Version: 12.4     |
|-----------------------------------------+------------------------+----------------------+
| GPU  Name                 Persistence-M | Bus-Id          Disp.A | Volatile Uncorr. ECC |
| Fan  Temp   Perf          Pwr:Usage/Cap |           Memory-Usage | GPU-Util  Compute M. |
|                                         |                        |               MIG M. |
|=========================================+========================+======================|
|   0  NVIDIA A100-PCIE-40GB          On  |   00000000:C7:00.0 Off |                    0 |
| N/A   31C    P0             37W /  250W |       0MiB /  40960MiB |      0%      Default |
|                                         |                        |             Disabled |
+-----------------------------------------+------------------------+----------------------+
                                                                                         
+-----------------------------------------------------------------------------------------+
| Processes:                                                                              |
|  GPU   GI   CI        PID   Type   Process name                              GPU Memory |
|        ID   ID                                                               Usage      |
|=========================================================================================|
|  No running processes found                                                             |
+-----------------------------------------------------------------------------------------+
srun
cuda
=> set stage2.cls_token wd to 0
Transform = 
Resize(size=256, interpolation=bicubic, max_size=None, antialias=True)
CenterCrop(size=(224, 224))
ToTensor()
Normalize(mean=(0.485, 0.456, 0.406), std=(0.229, 0.224, 0.225))
---------------------------
reading from datapath /ix1/hkarim/yip33/kaggle_dataset/image_net100
scale is [0.08, 1.0] <class 'list'>
Transform = 
Resize(size=256, interpolation=bicubic, max_size=None, antialias=True)
CenterCrop(size=(224, 224))
ToTensor()
Normalize(mean=(0.485, 0.456, 0.406), std=(0.229, 0.224, 0.225))
---------------------------
reading from datapath /ix1/hkarim/yip33/kaggle_dataset/image_net100
	Train Loss 4.6095	 Learning Rate 0.0001008
	Val Top1 1.7400%	Val Top5 8.5800%	 Val Loss 4.5487
[1;34mwandb[0m: 🚀 View run [33mdcvt_13_224_test1[0m at: [34mhttps://wandb.ai/11785-survivors/IDLSG2_yiyan/runs/ceaxmto9[0m
[1;34mwandb[0m: Find logs at: [1;35mwandb/run-20241202_202956-ceaxmto9/logs[0m
finish dcvt run
