project run
Mon Dec  2 21:24:46 2024       
+-----------------------------------------------------------------------------------------+
| NVIDIA-SMI 550.54.15              Driver Version: 550.54.15      CUDA Version: 12.4     |
|-----------------------------------------+------------------------+----------------------+
| GPU  Name                 Persistence-M | Bus-Id          Disp.A | Volatile Uncorr. ECC |
| Fan  Temp   Perf          Pwr:Usage/Cap |           Memory-Usage | GPU-Util  Compute M. |
|                                         |                        |               MIG M. |
|=========================================+========================+======================|
|   0  NVIDIA A100-PCIE-40GB          On  |   00000000:07:00.0 Off |                    0 |
| N/A   28C    P0             39W /  250W |       0MiB /  40960MiB |      0%      Default |
|                                         |                        |             Disabled |
+-----------------------------------------+------------------------+----------------------+
                                                                                         
+-----------------------------------------------------------------------------------------+
| Processes:                                                                              |
|  GPU   GI   CI        PID   Type   Process name                              GPU Memory |
|        ID   ID                                                               Usage      |
|=========================================================================================|
|  No running processes found                                                             |
+-----------------------------------------------------------------------------------------+
srun
cuda
=> set stage2.cls_token wd to 0
Transform = 
Resize(size=256, interpolation=bicubic, max_size=None, antialias=True)
CenterCrop(size=(224, 224))
ToTensor()
Normalize(mean=(0.485, 0.456, 0.406), std=(0.229, 0.224, 0.225))
---------------------------
reading from datapath /ix1/hkarim/yip33/kaggle_dataset/image_net100
scale is [0.08, 1.0] <class 'list'>
Transform = 
Resize(size=256, interpolation=bicubic, max_size=None, antialias=True)
CenterCrop(size=(224, 224))
ToTensor()
Normalize(mean=(0.485, 0.456, 0.406), std=(0.229, 0.224, 0.225))
---------------------------
reading from datapath /ix1/hkarim/yip33/kaggle_dataset/image_net100
	Train Loss 4.6104	 Learning Rate 0.0001008
	Val Top1 1.9000%	Val Top5 8.7000%	 Val Loss 4.5535
	Train Loss 4.5625	 Learning Rate 0.0002006
	Val Top1 4.3000%	Val Top5 17.2800%	 Val Loss 4.2968
	Train Loss 4.4623	 Learning Rate 0.0003004
	Val Top1 8.0800%	Val Top5 28.2800%	 Val Loss 4.0297
	Train Loss 4.4190	 Learning Rate 0.0004002
	Val Top1 12.4000%	Val Top5 35.9200%	 Val Loss 3.8812
	Train Loss 4.3778	 Learning Rate 0.0004970
	Val Top1 12.0200%	Val Top5 35.5000%	 Val Loss 3.8396
	Train Loss 4.3597	 Learning Rate 0.0004957
	Val Top1 10.5000%	Val Top5 32.5000%	 Val Loss 3.9488
	Train Loss 4.3578	 Learning Rate 0.0004941
	Val Top1 13.9400%	Val Top5 37.5800%	 Val Loss 3.7768
	Train Loss 4.3928	 Learning Rate 0.0004923
	Val Top1 6.3800%	Val Top5 21.7200%	 Val Loss 4.2290
